2012/06/06 17:46:00 [error] [php] include(Usuario.php) [<a href='function.include'>function.include</a>]: failed to open stream: No such file or directory (/Applications/XAMPP/xamppfiles/yii/framework/YiiBase.php:418)
Stack trace:
#0 /Applications/XAMPP/xamppfiles/htdocs/videos/themes/bootstrap/views/layouts/main.php(60): spl_autoload_call()
#1 /Applications/XAMPP/xamppfiles/yii/framework/web/CBaseController.php(127): require()
#2 /Applications/XAMPP/xamppfiles/yii/framework/web/CBaseController.php(96): SiteController->renderInternal()
#3 /Applications/XAMPP/xamppfiles/yii/framework/web/widgets/CContentDecorator.php(77): SiteController->renderFile()
#4 /Applications/XAMPP/xamppfiles/yii/framework/web/widgets/CContentDecorator.php(55): CContentDecorator->decorate()
#5 /Applications/XAMPP/xamppfiles/yii/framework/web/widgets/COutputProcessor.php(45): CContentDecorator->processOutput()
#6 /Applications/XAMPP/xamppfiles/yii/framework/web/CBaseController.php(207): CContentDecorator->run()
#7 /Applications/XAMPP/xamppfiles/yii/framework/web/CBaseController.php(301): SiteController->endWidget()
#8 /Applications/XAMPP/xamppfiles/htdocs/videos/themes/bootstrap/views/layouts/column1.php(13): SiteController->endContent()
#9 /Applications/XAMPP/xamppfiles/yii/framework/web/CBaseController.php(127): require()
#10 /Applications/XAMPP/xamppfiles/yii/framework/web/CBaseController.php(96): SiteController->renderInternal()
#11 /Applications/XAMPP/xamppfiles/yii/framework/web/CController.php(785): SiteController->renderFile()
#12 /Applications/XAMPP/xamppfiles/htdocs/videos/protected/controllers/SiteController.php(32): SiteController->render()
#13 /Applications/XAMPP/xamppfiles/yii/framework/web/actions/CInlineAction.php(50): SiteController->actionIndex()
#14 /Applications/XAMPP/xamppfiles/yii/framework/web/CController.php(309): CInlineAction->runWithParams()
#15 /Applications/XAMPP/xamppfiles/yii/framework/web/CController.php(287): SiteController->runAction()
#16 /Applications/XAMPP/xamppfiles/yii/framework/web/CController.php(266): SiteController->runActionWithFilters()
#17 /Applications/XAMPP/xamppfiles/yii/framework/web/CWebApplication.php(276): SiteController->run()
#18 /Applications/XAMPP/xamppfiles/yii/framework/web/CWebApplication.php(135): CWebApplication->runController()
#19 /Applications/XAMPP/xamppfiles/yii/framework/base/CApplication.php(162): CWebApplication->processRequest()
#20 /Applications/XAMPP/xamppfiles/htdocs/videos/index.php(13): CWebApplication->run()
REQUEST_URI=/videos/index.php
in /Applications/XAMPP/xamppfiles/htdocs/videos/themes/bootstrap/views/layouts/main.php (60)
in /Applications/XAMPP/xamppfiles/htdocs/videos/themes/bootstrap/views/layouts/column1.php (13)
in /Applications/XAMPP/xamppfiles/htdocs/videos/protected/controllers/SiteController.php (32)
2012/06/06 17:46:08 [error] [php] include(Usuario.php) [<a href='function.include'>function.include</a>]: failed to open stream: No such file or directory (/Applications/XAMPP/xamppfiles/yii/framework/YiiBase.php:418)
Stack trace:
#0 /Applications/XAMPP/xamppfiles/htdocs/videos/themes/bootstrap/views/layouts/main.php(60): spl_autoload_call()
#1 /Applications/XAMPP/xamppfiles/yii/framework/web/CBaseController.php(127): require()
#2 /Applications/XAMPP/xamppfiles/yii/framework/web/CBaseController.php(96): SiteController->renderInternal()
#3 /Applications/XAMPP/xamppfiles/yii/framework/web/widgets/CContentDecorator.php(77): SiteController->renderFile()
#4 /Applications/XAMPP/xamppfiles/yii/framework/web/widgets/CContentDecorator.php(55): CContentDecorator->decorate()
#5 /Applications/XAMPP/xamppfiles/yii/framework/web/widgets/COutputProcessor.php(45): CContentDecorator->processOutput()
#6 /Applications/XAMPP/xamppfiles/yii/framework/web/CBaseController.php(207): CContentDecorator->run()
#7 /Applications/XAMPP/xamppfiles/yii/framework/web/CBaseController.php(301): SiteController->endWidget()
#8 /Applications/XAMPP/xamppfiles/htdocs/videos/themes/bootstrap/views/layouts/column1.php(13): SiteController->endContent()
#9 /Applications/XAMPP/xamppfiles/yii/framework/web/CBaseController.php(127): require()
#10 /Applications/XAMPP/xamppfiles/yii/framework/web/CBaseController.php(96): SiteController->renderInternal()
#11 /Applications/XAMPP/xamppfiles/yii/framework/web/CController.php(785): SiteController->renderFile()
#12 /Applications/XAMPP/xamppfiles/htdocs/videos/protected/controllers/SiteController.php(32): SiteController->render()
#13 /Applications/XAMPP/xamppfiles/yii/framework/web/actions/CInlineAction.php(50): SiteController->actionIndex()
#14 /Applications/XAMPP/xamppfiles/yii/framework/web/CController.php(309): CInlineAction->runWithParams()
#15 /Applications/XAMPP/xamppfiles/yii/framework/web/CController.php(287): SiteController->runAction()
#16 /Applications/XAMPP/xamppfiles/yii/framework/web/CController.php(266): SiteController->runActionWithFilters()
#17 /Applications/XAMPP/xamppfiles/yii/framework/web/CWebApplication.php(276): SiteController->run()
#18 /Applications/XAMPP/xamppfiles/yii/framework/web/CWebApplication.php(135): CWebApplication->runController()
#19 /Applications/XAMPP/xamppfiles/yii/framework/base/CApplication.php(162): CWebApplication->processRequest()
#20 /Applications/XAMPP/xamppfiles/htdocs/videos/index.php(13): CWebApplication->run()
REQUEST_URI=/videos/index.php
in /Applications/XAMPP/xamppfiles/htdocs/videos/themes/bootstrap/views/layouts/main.php (60)
in /Applications/XAMPP/xamppfiles/htdocs/videos/themes/bootstrap/views/layouts/column1.php (13)
in /Applications/XAMPP/xamppfiles/htdocs/videos/protected/controllers/SiteController.php (32)
2012/06/06 17:46:11 [error] [php] include(Usuario.php) [<a href='function.include'>function.include</a>]: failed to open stream: No such file or directory (/Applications/XAMPP/xamppfiles/yii/framework/YiiBase.php:418)
Stack trace:
#0 /Applications/XAMPP/xamppfiles/htdocs/videos/themes/bootstrap/views/layouts/main.php(60): spl_autoload_call()
#1 /Applications/XAMPP/xamppfiles/yii/framework/web/CBaseController.php(127): require()
#2 /Applications/XAMPP/xamppfiles/yii/framework/web/CBaseController.php(96): SiteController->renderInternal()
#3 /Applications/XAMPP/xamppfiles/yii/framework/web/widgets/CContentDecorator.php(77): SiteController->renderFile()
#4 /Applications/XAMPP/xamppfiles/yii/framework/web/widgets/CContentDecorator.php(55): CContentDecorator->decorate()
#5 /Applications/XAMPP/xamppfiles/yii/framework/web/widgets/COutputProcessor.php(45): CContentDecorator->processOutput()
#6 /Applications/XAMPP/xamppfiles/yii/framework/web/CBaseController.php(207): CContentDecorator->run()
#7 /Applications/XAMPP/xamppfiles/yii/framework/web/CBaseController.php(301): SiteController->endWidget()
#8 /Applications/XAMPP/xamppfiles/htdocs/videos/themes/bootstrap/views/layouts/column1.php(13): SiteController->endContent()
#9 /Applications/XAMPP/xamppfiles/yii/framework/web/CBaseController.php(127): require()
#10 /Applications/XAMPP/xamppfiles/yii/framework/web/CBaseController.php(96): SiteController->renderInternal()
#11 /Applications/XAMPP/xamppfiles/yii/framework/web/CController.php(785): SiteController->renderFile()
#12 /Applications/XAMPP/xamppfiles/htdocs/videos/protected/controllers/SiteController.php(32): SiteController->render()
#13 /Applications/XAMPP/xamppfiles/yii/framework/web/actions/CInlineAction.php(50): SiteController->actionIndex()
#14 /Applications/XAMPP/xamppfiles/yii/framework/web/CController.php(309): CInlineAction->runWithParams()
#15 /Applications/XAMPP/xamppfiles/yii/framework/web/CController.php(287): SiteController->runAction()
#16 /Applications/XAMPP/xamppfiles/yii/framework/web/CController.php(266): SiteController->runActionWithFilters()
#17 /Applications/XAMPP/xamppfiles/yii/framework/web/CWebApplication.php(276): SiteController->run()
#18 /Applications/XAMPP/xamppfiles/yii/framework/web/CWebApplication.php(135): CWebApplication->runController()
#19 /Applications/XAMPP/xamppfiles/yii/framework/base/CApplication.php(162): CWebApplication->processRequest()
#20 /Applications/XAMPP/xamppfiles/htdocs/videos/index.php(13): CWebApplication->run()
REQUEST_URI=/videos/index.php
in /Applications/XAMPP/xamppfiles/htdocs/videos/themes/bootstrap/views/layouts/main.php (60)
in /Applications/XAMPP/xamppfiles/htdocs/videos/themes/bootstrap/views/layouts/column1.php (13)
in /Applications/XAMPP/xamppfiles/htdocs/videos/protected/controllers/SiteController.php (32)
2012/06/06 17:46:14 [error] [php] include(Usuario.php) [<a href='function.include'>function.include</a>]: failed to open stream: No such file or directory (/Applications/XAMPP/xamppfiles/yii/framework/YiiBase.php:418)
Stack trace:
#0 /Applications/XAMPP/xamppfiles/htdocs/videos/themes/bootstrap/views/layouts/main.php(60): spl_autoload_call()
#1 /Applications/XAMPP/xamppfiles/yii/framework/web/CBaseController.php(127): require()
#2 /Applications/XAMPP/xamppfiles/yii/framework/web/CBaseController.php(96): SiteController->renderInternal()
#3 /Applications/XAMPP/xamppfiles/yii/framework/web/widgets/CContentDecorator.php(77): SiteController->renderFile()
#4 /Applications/XAMPP/xamppfiles/yii/framework/web/widgets/CContentDecorator.php(55): CContentDecorator->decorate()
#5 /Applications/XAMPP/xamppfiles/yii/framework/web/widgets/COutputProcessor.php(45): CContentDecorator->processOutput()
#6 /Applications/XAMPP/xamppfiles/yii/framework/web/CBaseController.php(207): CContentDecorator->run()
#7 /Applications/XAMPP/xamppfiles/yii/framework/web/CBaseController.php(301): SiteController->endWidget()
#8 /Applications/XAMPP/xamppfiles/htdocs/videos/themes/bootstrap/views/layouts/column1.php(13): SiteController->endContent()
#9 /Applications/XAMPP/xamppfiles/yii/framework/web/CBaseController.php(127): require()
#10 /Applications/XAMPP/xamppfiles/yii/framework/web/CBaseController.php(96): SiteController->renderInternal()
#11 /Applications/XAMPP/xamppfiles/yii/framework/web/CController.php(785): SiteController->renderFile()
#12 /Applications/XAMPP/xamppfiles/htdocs/videos/protected/controllers/SiteController.php(32): SiteController->render()
#13 /Applications/XAMPP/xamppfiles/yii/framework/web/actions/CInlineAction.php(50): SiteController->actionIndex()
#14 /Applications/XAMPP/xamppfiles/yii/framework/web/CController.php(309): CInlineAction->runWithParams()
#15 /Applications/XAMPP/xamppfiles/yii/framework/web/CController.php(287): SiteController->runAction()
#16 /Applications/XAMPP/xamppfiles/yii/framework/web/CController.php(266): SiteController->runActionWithFilters()
#17 /Applications/XAMPP/xamppfiles/yii/framework/web/CWebApplication.php(276): SiteController->run()
#18 /Applications/XAMPP/xamppfiles/yii/framework/web/CWebApplication.php(135): CWebApplication->runController()
#19 /Applications/XAMPP/xamppfiles/yii/framework/base/CApplication.php(162): CWebApplication->processRequest()
#20 /Applications/XAMPP/xamppfiles/htdocs/videos/index.php(13): CWebApplication->run()
REQUEST_URI=/videos/
in /Applications/XAMPP/xamppfiles/htdocs/videos/themes/bootstrap/views/layouts/main.php (60)
in /Applications/XAMPP/xamppfiles/htdocs/videos/themes/bootstrap/views/layouts/column1.php (13)
in /Applications/XAMPP/xamppfiles/htdocs/videos/protected/controllers/SiteController.php (32)
2012/06/06 17:46:16 [error] [php] include(Usuario.php) [<a href='function.include'>function.include</a>]: failed to open stream: No such file or directory (/Applications/XAMPP/xamppfiles/yii/framework/YiiBase.php:418)
Stack trace:
#0 /Applications/XAMPP/xamppfiles/htdocs/videos/themes/bootstrap/views/layouts/main.php(60): spl_autoload_call()
#1 /Applications/XAMPP/xamppfiles/yii/framework/web/CBaseController.php(127): require()
#2 /Applications/XAMPP/xamppfiles/yii/framework/web/CBaseController.php(96): SiteController->renderInternal()
#3 /Applications/XAMPP/xamppfiles/yii/framework/web/widgets/CContentDecorator.php(77): SiteController->renderFile()
#4 /Applications/XAMPP/xamppfiles/yii/framework/web/widgets/CContentDecorator.php(55): CContentDecorator->decorate()
#5 /Applications/XAMPP/xamppfiles/yii/framework/web/widgets/COutputProcessor.php(45): CContentDecorator->processOutput()
#6 /Applications/XAMPP/xamppfiles/yii/framework/web/CBaseController.php(207): CContentDecorator->run()
#7 /Applications/XAMPP/xamppfiles/yii/framework/web/CBaseController.php(301): SiteController->endWidget()
#8 /Applications/XAMPP/xamppfiles/htdocs/videos/themes/bootstrap/views/layouts/column1.php(13): SiteController->endContent()
#9 /Applications/XAMPP/xamppfiles/yii/framework/web/CBaseController.php(127): require()
#10 /Applications/XAMPP/xamppfiles/yii/framework/web/CBaseController.php(96): SiteController->renderInternal()
#11 /Applications/XAMPP/xamppfiles/yii/framework/web/CController.php(785): SiteController->renderFile()
#12 /Applications/XAMPP/xamppfiles/htdocs/videos/protected/controllers/SiteController.php(32): SiteController->render()
#13 /Applications/XAMPP/xamppfiles/yii/framework/web/actions/CInlineAction.php(50): SiteController->actionIndex()
#14 /Applications/XAMPP/xamppfiles/yii/framework/web/CController.php(309): CInlineAction->runWithParams()
#15 /Applications/XAMPP/xamppfiles/yii/framework/web/CController.php(287): SiteController->runAction()
#16 /Applications/XAMPP/xamppfiles/yii/framework/web/CController.php(266): SiteController->runActionWithFilters()
#17 /Applications/XAMPP/xamppfiles/yii/framework/web/CWebApplication.php(276): SiteController->run()
#18 /Applications/XAMPP/xamppfiles/yii/framework/web/CWebApplication.php(135): CWebApplication->runController()
#19 /Applications/XAMPP/xamppfiles/yii/framework/base/CApplication.php(162): CWebApplication->processRequest()
#20 /Applications/XAMPP/xamppfiles/htdocs/videos/index.php(13): CWebApplication->run()
REQUEST_URI=/videos/
in /Applications/XAMPP/xamppfiles/htdocs/videos/themes/bootstrap/views/layouts/main.php (60)
in /Applications/XAMPP/xamppfiles/htdocs/videos/themes/bootstrap/views/layouts/column1.php (13)
in /Applications/XAMPP/xamppfiles/htdocs/videos/protected/controllers/SiteController.php (32)
2012/06/06 17:46:17 [error] [php] include(Usuario.php) [<a href='function.include'>function.include</a>]: failed to open stream: No such file or directory (/Applications/XAMPP/xamppfiles/yii/framework/YiiBase.php:418)
Stack trace:
#0 /Applications/XAMPP/xamppfiles/htdocs/videos/themes/bootstrap/views/layouts/main.php(60): spl_autoload_call()
#1 /Applications/XAMPP/xamppfiles/yii/framework/web/CBaseController.php(127): require()
#2 /Applications/XAMPP/xamppfiles/yii/framework/web/CBaseController.php(96): SiteController->renderInternal()
#3 /Applications/XAMPP/xamppfiles/yii/framework/web/widgets/CContentDecorator.php(77): SiteController->renderFile()
#4 /Applications/XAMPP/xamppfiles/yii/framework/web/widgets/CContentDecorator.php(55): CContentDecorator->decorate()
#5 /Applications/XAMPP/xamppfiles/yii/framework/web/widgets/COutputProcessor.php(45): CContentDecorator->processOutput()
#6 /Applications/XAMPP/xamppfiles/yii/framework/web/CBaseController.php(207): CContentDecorator->run()
#7 /Applications/XAMPP/xamppfiles/yii/framework/web/CBaseController.php(301): SiteController->endWidget()
#8 /Applications/XAMPP/xamppfiles/htdocs/videos/themes/bootstrap/views/layouts/column1.php(13): SiteController->endContent()
#9 /Applications/XAMPP/xamppfiles/yii/framework/web/CBaseController.php(127): require()
#10 /Applications/XAMPP/xamppfiles/yii/framework/web/CBaseController.php(96): SiteController->renderInternal()
#11 /Applications/XAMPP/xamppfiles/yii/framework/web/CController.php(785): SiteController->renderFile()
#12 /Applications/XAMPP/xamppfiles/htdocs/videos/protected/controllers/SiteController.php(32): SiteController->render()
#13 /Applications/XAMPP/xamppfiles/yii/framework/web/actions/CInlineAction.php(50): SiteController->actionIndex()
#14 /Applications/XAMPP/xamppfiles/yii/framework/web/CController.php(309): CInlineAction->runWithParams()
#15 /Applications/XAMPP/xamppfiles/yii/framework/web/CController.php(287): SiteController->runAction()
#16 /Applications/XAMPP/xamppfiles/yii/framework/web/CController.php(266): SiteController->runActionWithFilters()
#17 /Applications/XAMPP/xamppfiles/yii/framework/web/CWebApplication.php(276): SiteController->run()
#18 /Applications/XAMPP/xamppfiles/yii/framework/web/CWebApplication.php(135): CWebApplication->runController()
#19 /Applications/XAMPP/xamppfiles/yii/framework/base/CApplication.php(162): CWebApplication->processRequest()
#20 /Applications/XAMPP/xamppfiles/htdocs/videos/index.php(13): CWebApplication->run()
REQUEST_URI=/videos/
in /Applications/XAMPP/xamppfiles/htdocs/videos/themes/bootstrap/views/layouts/main.php (60)
in /Applications/XAMPP/xamppfiles/htdocs/videos/themes/bootstrap/views/layouts/column1.php (13)
in /Applications/XAMPP/xamppfiles/htdocs/videos/protected/controllers/SiteController.php (32)
2012/06/06 17:46:17 [error] [php] include(Usuario.php) [<a href='function.include'>function.include</a>]: failed to open stream: No such file or directory (/Applications/XAMPP/xamppfiles/yii/framework/YiiBase.php:418)
Stack trace:
#0 /Applications/XAMPP/xamppfiles/htdocs/videos/themes/bootstrap/views/layouts/main.php(60): spl_autoload_call()
#1 /Applications/XAMPP/xamppfiles/yii/framework/web/CBaseController.php(127): require()
#2 /Applications/XAMPP/xamppfiles/yii/framework/web/CBaseController.php(96): SiteController->renderInternal()
#3 /Applications/XAMPP/xamppfiles/yii/framework/web/widgets/CContentDecorator.php(77): SiteController->renderFile()
#4 /Applications/XAMPP/xamppfiles/yii/framework/web/widgets/CContentDecorator.php(55): CContentDecorator->decorate()
#5 /Applications/XAMPP/xamppfiles/yii/framework/web/widgets/COutputProcessor.php(45): CContentDecorator->processOutput()
#6 /Applications/XAMPP/xamppfiles/yii/framework/web/CBaseController.php(207): CContentDecorator->run()
#7 /Applications/XAMPP/xamppfiles/yii/framework/web/CBaseController.php(301): SiteController->endWidget()
#8 /Applications/XAMPP/xamppfiles/htdocs/videos/themes/bootstrap/views/layouts/column1.php(13): SiteController->endContent()
#9 /Applications/XAMPP/xamppfiles/yii/framework/web/CBaseController.php(127): require()
#10 /Applications/XAMPP/xamppfiles/yii/framework/web/CBaseController.php(96): SiteController->renderInternal()
#11 /Applications/XAMPP/xamppfiles/yii/framework/web/CController.php(785): SiteController->renderFile()
#12 /Applications/XAMPP/xamppfiles/htdocs/videos/protected/controllers/SiteController.php(32): SiteController->render()
#13 /Applications/XAMPP/xamppfiles/yii/framework/web/actions/CInlineAction.php(50): SiteController->actionIndex()
#14 /Applications/XAMPP/xamppfiles/yii/framework/web/CController.php(309): CInlineAction->runWithParams()
#15 /Applications/XAMPP/xamppfiles/yii/framework/web/CController.php(287): SiteController->runAction()
#16 /Applications/XAMPP/xamppfiles/yii/framework/web/CController.php(266): SiteController->runActionWithFilters()
#17 /Applications/XAMPP/xamppfiles/yii/framework/web/CWebApplication.php(276): SiteController->run()
#18 /Applications/XAMPP/xamppfiles/yii/framework/web/CWebApplication.php(135): CWebApplication->runController()
#19 /Applications/XAMPP/xamppfiles/yii/framework/base/CApplication.php(162): CWebApplication->processRequest()
#20 /Applications/XAMPP/xamppfiles/htdocs/videos/index.php(13): CWebApplication->run()
REQUEST_URI=/videos/
in /Applications/XAMPP/xamppfiles/htdocs/videos/themes/bootstrap/views/layouts/main.php (60)
in /Applications/XAMPP/xamppfiles/htdocs/videos/themes/bootstrap/views/layouts/column1.php (13)
in /Applications/XAMPP/xamppfiles/htdocs/videos/protected/controllers/SiteController.php (32)
2012/06/06 17:46:17 [error] [php] include(Usuario.php) [<a href='function.include'>function.include</a>]: failed to open stream: No such file or directory (/Applications/XAMPP/xamppfiles/yii/framework/YiiBase.php:418)
Stack trace:
#0 /Applications/XAMPP/xamppfiles/htdocs/videos/themes/bootstrap/views/layouts/main.php(60): spl_autoload_call()
#1 /Applications/XAMPP/xamppfiles/yii/framework/web/CBaseController.php(127): require()
#2 /Applications/XAMPP/xamppfiles/yii/framework/web/CBaseController.php(96): SiteController->renderInternal()
#3 /Applications/XAMPP/xamppfiles/yii/framework/web/widgets/CContentDecorator.php(77): SiteController->renderFile()
#4 /Applications/XAMPP/xamppfiles/yii/framework/web/widgets/CContentDecorator.php(55): CContentDecorator->decorate()
#5 /Applications/XAMPP/xamppfiles/yii/framework/web/widgets/COutputProcessor.php(45): CContentDecorator->processOutput()
#6 /Applications/XAMPP/xamppfiles/yii/framework/web/CBaseController.php(207): CContentDecorator->run()
#7 /Applications/XAMPP/xamppfiles/yii/framework/web/CBaseController.php(301): SiteController->endWidget()
#8 /Applications/XAMPP/xamppfiles/htdocs/videos/themes/bootstrap/views/layouts/column1.php(13): SiteController->endContent()
#9 /Applications/XAMPP/xamppfiles/yii/framework/web/CBaseController.php(127): require()
#10 /Applications/XAMPP/xamppfiles/yii/framework/web/CBaseController.php(96): SiteController->renderInternal()
#11 /Applications/XAMPP/xamppfiles/yii/framework/web/CController.php(785): SiteController->renderFile()
#12 /Applications/XAMPP/xamppfiles/htdocs/videos/protected/controllers/SiteController.php(32): SiteController->render()
#13 /Applications/XAMPP/xamppfiles/yii/framework/web/actions/CInlineAction.php(50): SiteController->actionIndex()
#14 /Applications/XAMPP/xamppfiles/yii/framework/web/CController.php(309): CInlineAction->runWithParams()
#15 /Applications/XAMPP/xamppfiles/yii/framework/web/CController.php(287): SiteController->runAction()
#16 /Applications/XAMPP/xamppfiles/yii/framework/web/CController.php(266): SiteController->runActionWithFilters()
#17 /Applications/XAMPP/xamppfiles/yii/framework/web/CWebApplication.php(276): SiteController->run()
#18 /Applications/XAMPP/xamppfiles/yii/framework/web/CWebApplication.php(135): CWebApplication->runController()
#19 /Applications/XAMPP/xamppfiles/yii/framework/base/CApplication.php(162): CWebApplication->processRequest()
#20 /Applications/XAMPP/xamppfiles/htdocs/videos/index.php(13): CWebApplication->run()
REQUEST_URI=/videos/
in /Applications/XAMPP/xamppfiles/htdocs/videos/themes/bootstrap/views/layouts/main.php (60)
in /Applications/XAMPP/xamppfiles/htdocs/videos/themes/bootstrap/views/layouts/column1.php (13)
in /Applications/XAMPP/xamppfiles/htdocs/videos/protected/controllers/SiteController.php (32)
2012/06/06 17:46:20 [error] [php] include(Usuario.php) [<a href='function.include'>function.include</a>]: failed to open stream: No such file or directory (/Applications/XAMPP/xamppfiles/yii/framework/YiiBase.php:418)
Stack trace:
#0 /Applications/XAMPP/xamppfiles/htdocs/videos/themes/bootstrap/views/layouts/main.php(60): spl_autoload_call()
#1 /Applications/XAMPP/xamppfiles/yii/framework/web/CBaseController.php(127): require()
#2 /Applications/XAMPP/xamppfiles/yii/framework/web/CBaseController.php(96): SiteController->renderInternal()
#3 /Applications/XAMPP/xamppfiles/yii/framework/web/widgets/CContentDecorator.php(77): SiteController->renderFile()
#4 /Applications/XAMPP/xamppfiles/yii/framework/web/widgets/CContentDecorator.php(55): CContentDecorator->decorate()
#5 /Applications/XAMPP/xamppfiles/yii/framework/web/widgets/COutputProcessor.php(45): CContentDecorator->processOutput()
#6 /Applications/XAMPP/xamppfiles/yii/framework/web/CBaseController.php(207): CContentDecorator->run()
#7 /Applications/XAMPP/xamppfiles/yii/framework/web/CBaseController.php(301): SiteController->endWidget()
#8 /Applications/XAMPP/xamppfiles/htdocs/videos/themes/bootstrap/views/layouts/column1.php(13): SiteController->endContent()
#9 /Applications/XAMPP/xamppfiles/yii/framework/web/CBaseController.php(127): require()
#10 /Applications/XAMPP/xamppfiles/yii/framework/web/CBaseController.php(96): SiteController->renderInternal()
#11 /Applications/XAMPP/xamppfiles/yii/framework/web/CController.php(785): SiteController->renderFile()
#12 /Applications/XAMPP/xamppfiles/htdocs/videos/protected/controllers/SiteController.php(32): SiteController->render()
#13 /Applications/XAMPP/xamppfiles/yii/framework/web/actions/CInlineAction.php(50): SiteController->actionIndex()
#14 /Applications/XAMPP/xamppfiles/yii/framework/web/CController.php(309): CInlineAction->runWithParams()
#15 /Applications/XAMPP/xamppfiles/yii/framework/web/CController.php(287): SiteController->runAction()
#16 /Applications/XAMPP/xamppfiles/yii/framework/web/CController.php(266): SiteController->runActionWithFilters()
#17 /Applications/XAMPP/xamppfiles/yii/framework/web/CWebApplication.php(276): SiteController->run()
#18 /Applications/XAMPP/xamppfiles/yii/framework/web/CWebApplication.php(135): CWebApplication->runController()
#19 /Applications/XAMPP/xamppfiles/yii/framework/base/CApplication.php(162): CWebApplication->processRequest()
#20 /Applications/XAMPP/xamppfiles/htdocs/videos/index.php(13): CWebApplication->run()
REQUEST_URI=/videos/
in /Applications/XAMPP/xamppfiles/htdocs/videos/themes/bootstrap/views/layouts/main.php (60)
in /Applications/XAMPP/xamppfiles/htdocs/videos/themes/bootstrap/views/layouts/column1.php (13)
in /Applications/XAMPP/xamppfiles/htdocs/videos/protected/controllers/SiteController.php (32)
2012/06/06 17:46:37 [error] [php] include(Usuario.php) [<a href='function.include'>function.include</a>]: failed to open stream: No such file or directory (/Applications/XAMPP/xamppfiles/yii/framework/YiiBase.php:418)
Stack trace:
#0 /Applications/XAMPP/xamppfiles/htdocs/videos/themes/bootstrap/views/layouts/main.php(60): spl_autoload_call()
#1 /Applications/XAMPP/xamppfiles/yii/framework/web/CBaseController.php(127): require()
#2 /Applications/XAMPP/xamppfiles/yii/framework/web/CBaseController.php(96): SiteController->renderInternal()
#3 /Applications/XAMPP/xamppfiles/yii/framework/web/widgets/CContentDecorator.php(77): SiteController->renderFile()
#4 /Applications/XAMPP/xamppfiles/yii/framework/web/widgets/CContentDecorator.php(55): CContentDecorator->decorate()
#5 /Applications/XAMPP/xamppfiles/yii/framework/web/widgets/COutputProcessor.php(45): CContentDecorator->processOutput()
#6 /Applications/XAMPP/xamppfiles/yii/framework/web/CBaseController.php(207): CContentDecorator->run()
#7 /Applications/XAMPP/xamppfiles/yii/framework/web/CBaseController.php(301): SiteController->endWidget()
#8 /Applications/XAMPP/xamppfiles/htdocs/videos/themes/bootstrap/views/layouts/column1.php(13): SiteController->endContent()
#9 /Applications/XAMPP/xamppfiles/yii/framework/web/CBaseController.php(127): require()
#10 /Applications/XAMPP/xamppfiles/yii/framework/web/CBaseController.php(96): SiteController->renderInternal()
#11 /Applications/XAMPP/xamppfiles/yii/framework/web/CController.php(785): SiteController->renderFile()
#12 /Applications/XAMPP/xamppfiles/htdocs/videos/protected/controllers/SiteController.php(32): SiteController->render()
#13 /Applications/XAMPP/xamppfiles/yii/framework/web/actions/CInlineAction.php(50): SiteController->actionIndex()
#14 /Applications/XAMPP/xamppfiles/yii/framework/web/CController.php(309): CInlineAction->runWithParams()
#15 /Applications/XAMPP/xamppfiles/yii/framework/web/CController.php(287): SiteController->runAction()
#16 /Applications/XAMPP/xamppfiles/yii/framework/web/CController.php(266): SiteController->runActionWithFilters()
#17 /Applications/XAMPP/xamppfiles/yii/framework/web/CWebApplication.php(276): SiteController->run()
#18 /Applications/XAMPP/xamppfiles/yii/framework/web/CWebApplication.php(135): CWebApplication->runController()
#19 /Applications/XAMPP/xamppfiles/yii/framework/base/CApplication.php(162): CWebApplication->processRequest()
#20 /Applications/XAMPP/xamppfiles/htdocs/videos/index.php(13): CWebApplication->run()
REQUEST_URI=/videos/
in /Applications/XAMPP/xamppfiles/htdocs/videos/themes/bootstrap/views/layouts/main.php (60)
in /Applications/XAMPP/xamppfiles/htdocs/videos/themes/bootstrap/views/layouts/column1.php (13)
in /Applications/XAMPP/xamppfiles/htdocs/videos/protected/controllers/SiteController.php (32)
2012/06/06 17:48:59 [error] [php] include(Usuario.php) [<a href='function.include'>function.include</a>]: failed to open stream: No such file or directory (/Applications/XAMPP/xamppfiles/yii/framework/YiiBase.php:418)
Stack trace:
#0 /Applications/XAMPP/xamppfiles/htdocs/videos/themes/bootstrap/views/layouts/main.php(60): spl_autoload_call()
#1 /Applications/XAMPP/xamppfiles/yii/framework/web/CBaseController.php(127): require()
#2 /Applications/XAMPP/xamppfiles/yii/framework/web/CBaseController.php(96): SiteController->renderInternal()
#3 /Applications/XAMPP/xamppfiles/yii/framework/web/widgets/CContentDecorator.php(77): SiteController->renderFile()
#4 /Applications/XAMPP/xamppfiles/yii/framework/web/widgets/CContentDecorator.php(55): CContentDecorator->decorate()
#5 /Applications/XAMPP/xamppfiles/yii/framework/web/widgets/COutputProcessor.php(45): CContentDecorator->processOutput()
#6 /Applications/XAMPP/xamppfiles/yii/framework/web/CBaseController.php(207): CContentDecorator->run()
#7 /Applications/XAMPP/xamppfiles/yii/framework/web/CBaseController.php(301): SiteController->endWidget()
#8 /Applications/XAMPP/xamppfiles/htdocs/videos/themes/bootstrap/views/layouts/column1.php(13): SiteController->endContent()
#9 /Applications/XAMPP/xamppfiles/yii/framework/web/CBaseController.php(127): require()
#10 /Applications/XAMPP/xamppfiles/yii/framework/web/CBaseController.php(96): SiteController->renderInternal()
#11 /Applications/XAMPP/xamppfiles/yii/framework/web/CController.php(785): SiteController->renderFile()
#12 /Applications/XAMPP/xamppfiles/htdocs/videos/protected/controllers/SiteController.php(32): SiteController->render()
#13 /Applications/XAMPP/xamppfiles/yii/framework/web/actions/CInlineAction.php(50): SiteController->actionIndex()
#14 /Applications/XAMPP/xamppfiles/yii/framework/web/CController.php(309): CInlineAction->runWithParams()
#15 /Applications/XAMPP/xamppfiles/yii/framework/web/CController.php(287): SiteController->runAction()
#16 /Applications/XAMPP/xamppfiles/yii/framework/web/CController.php(266): SiteController->runActionWithFilters()
#17 /Applications/XAMPP/xamppfiles/yii/framework/web/CWebApplication.php(276): SiteController->run()
#18 /Applications/XAMPP/xamppfiles/yii/framework/web/CWebApplication.php(135): CWebApplication->runController()
#19 /Applications/XAMPP/xamppfiles/yii/framework/base/CApplication.php(162): CWebApplication->processRequest()
#20 /Applications/XAMPP/xamppfiles/htdocs/videos/index.php(13): CWebApplication->run()
REQUEST_URI=/videos/
in /Applications/XAMPP/xamppfiles/htdocs/videos/themes/bootstrap/views/layouts/main.php (60)
in /Applications/XAMPP/xamppfiles/htdocs/videos/themes/bootstrap/views/layouts/column1.php (13)
in /Applications/XAMPP/xamppfiles/htdocs/videos/protected/controllers/SiteController.php (32)
2012/06/06 17:49:00 [error] [php] include(Usuario.php) [<a href='function.include'>function.include</a>]: failed to open stream: No such file or directory (/Applications/XAMPP/xamppfiles/yii/framework/YiiBase.php:418)
Stack trace:
#0 /Applications/XAMPP/xamppfiles/htdocs/videos/themes/bootstrap/views/layouts/main.php(60): spl_autoload_call()
#1 /Applications/XAMPP/xamppfiles/yii/framework/web/CBaseController.php(127): require()
#2 /Applications/XAMPP/xamppfiles/yii/framework/web/CBaseController.php(96): SiteController->renderInternal()
#3 /Applications/XAMPP/xamppfiles/yii/framework/web/widgets/CContentDecorator.php(77): SiteController->renderFile()
#4 /Applications/XAMPP/xamppfiles/yii/framework/web/widgets/CContentDecorator.php(55): CContentDecorator->decorate()
#5 /Applications/XAMPP/xamppfiles/yii/framework/web/widgets/COutputProcessor.php(45): CContentDecorator->processOutput()
#6 /Applications/XAMPP/xamppfiles/yii/framework/web/CBaseController.php(207): CContentDecorator->run()
#7 /Applications/XAMPP/xamppfiles/yii/framework/web/CBaseController.php(301): SiteController->endWidget()
#8 /Applications/XAMPP/xamppfiles/htdocs/videos/themes/bootstrap/views/layouts/column1.php(13): SiteController->endContent()
#9 /Applications/XAMPP/xamppfiles/yii/framework/web/CBaseController.php(127): require()
#10 /Applications/XAMPP/xamppfiles/yii/framework/web/CBaseController.php(96): SiteController->renderInternal()
#11 /Applications/XAMPP/xamppfiles/yii/framework/web/CController.php(785): SiteController->renderFile()
#12 /Applications/XAMPP/xamppfiles/htdocs/videos/protected/controllers/SiteController.php(32): SiteController->render()
#13 /Applications/XAMPP/xamppfiles/yii/framework/web/actions/CInlineAction.php(50): SiteController->actionIndex()
#14 /Applications/XAMPP/xamppfiles/yii/framework/web/CController.php(309): CInlineAction->runWithParams()
#15 /Applications/XAMPP/xamppfiles/yii/framework/web/CController.php(287): SiteController->runAction()
#16 /Applications/XAMPP/xamppfiles/yii/framework/web/CController.php(266): SiteController->runActionWithFilters()
#17 /Applications/XAMPP/xamppfiles/yii/framework/web/CWebApplication.php(276): SiteController->run()
#18 /Applications/XAMPP/xamppfiles/yii/framework/web/CWebApplication.php(135): CWebApplication->runController()
#19 /Applications/XAMPP/xamppfiles/yii/framework/base/CApplication.php(162): CWebApplication->processRequest()
#20 /Applications/XAMPP/xamppfiles/htdocs/videos/index.php(13): CWebApplication->run()
REQUEST_URI=/videos/
in /Applications/XAMPP/xamppfiles/htdocs/videos/themes/bootstrap/views/layouts/main.php (60)
in /Applications/XAMPP/xamppfiles/htdocs/videos/themes/bootstrap/views/layouts/column1.php (13)
in /Applications/XAMPP/xamppfiles/htdocs/videos/protected/controllers/SiteController.php (32)
2012/06/06 17:51:21 [error] [php] include(Usuario.php) [<a href='function.include'>function.include</a>]: failed to open stream: No such file or directory (/Applications/XAMPP/xamppfiles/yii/framework/YiiBase.php:418)
Stack trace:
#0 /Applications/XAMPP/xamppfiles/htdocs/videos/themes/bootstrap/views/layouts/main.php(60): spl_autoload_call()
#1 /Applications/XAMPP/xamppfiles/yii/framework/web/CBaseController.php(127): require()
#2 /Applications/XAMPP/xamppfiles/yii/framework/web/CBaseController.php(96): SiteController->renderInternal()
#3 /Applications/XAMPP/xamppfiles/yii/framework/web/widgets/CContentDecorator.php(77): SiteController->renderFile()
#4 /Applications/XAMPP/xamppfiles/yii/framework/web/widgets/CContentDecorator.php(55): CContentDecorator->decorate()
#5 /Applications/XAMPP/xamppfiles/yii/framework/web/widgets/COutputProcessor.php(45): CContentDecorator->processOutput()
#6 /Applications/XAMPP/xamppfiles/yii/framework/web/CBaseController.php(207): CContentDecorator->run()
#7 /Applications/XAMPP/xamppfiles/yii/framework/web/CBaseController.php(301): SiteController->endWidget()
#8 /Applications/XAMPP/xamppfiles/htdocs/videos/themes/bootstrap/views/layouts/column1.php(13): SiteController->endContent()
#9 /Applications/XAMPP/xamppfiles/yii/framework/web/CBaseController.php(127): require()
#10 /Applications/XAMPP/xamppfiles/yii/framework/web/CBaseController.php(96): SiteController->renderInternal()
#11 /Applications/XAMPP/xamppfiles/yii/framework/web/CController.php(785): SiteController->renderFile()
#12 /Applications/XAMPP/xamppfiles/htdocs/videos/protected/controllers/SiteController.php(32): SiteController->render()
#13 /Applications/XAMPP/xamppfiles/yii/framework/web/actions/CInlineAction.php(50): SiteController->actionIndex()
#14 /Applications/XAMPP/xamppfiles/yii/framework/web/CController.php(309): CInlineAction->runWithParams()
#15 /Applications/XAMPP/xamppfiles/yii/framework/web/CController.php(287): SiteController->runAction()
#16 /Applications/XAMPP/xamppfiles/yii/framework/web/CController.php(266): SiteController->runActionWithFilters()
#17 /Applications/XAMPP/xamppfiles/yii/framework/web/CWebApplication.php(276): SiteController->run()
#18 /Applications/XAMPP/xamppfiles/yii/framework/web/CWebApplication.php(135): CWebApplication->runController()
#19 /Applications/XAMPP/xamppfiles/yii/framework/base/CApplication.php(162): CWebApplication->processRequest()
#20 /Applications/XAMPP/xamppfiles/htdocs/videos/index.php(13): CWebApplication->run()
REQUEST_URI=/videos/
in /Applications/XAMPP/xamppfiles/htdocs/videos/themes/bootstrap/views/layouts/main.php (60)
in /Applications/XAMPP/xamppfiles/htdocs/videos/themes/bootstrap/views/layouts/column1.php (13)
in /Applications/XAMPP/xamppfiles/htdocs/videos/protected/controllers/SiteController.php (32)
2012/06/06 17:51:24 [error] [php] include(Usuario.php) [<a href='function.include'>function.include</a>]: failed to open stream: No such file or directory (/Applications/XAMPP/xamppfiles/yii/framework/YiiBase.php:418)
Stack trace:
#0 /Applications/XAMPP/xamppfiles/htdocs/videos/themes/bootstrap/views/layouts/main.php(60): spl_autoload_call()
#1 /Applications/XAMPP/xamppfiles/yii/framework/web/CBaseController.php(127): require()
#2 /Applications/XAMPP/xamppfiles/yii/framework/web/CBaseController.php(96): SiteController->renderInternal()
#3 /Applications/XAMPP/xamppfiles/yii/framework/web/widgets/CContentDecorator.php(77): SiteController->renderFile()
#4 /Applications/XAMPP/xamppfiles/yii/framework/web/widgets/CContentDecorator.php(55): CContentDecorator->decorate()
#5 /Applications/XAMPP/xamppfiles/yii/framework/web/widgets/COutputProcessor.php(45): CContentDecorator->processOutput()
#6 /Applications/XAMPP/xamppfiles/yii/framework/web/CBaseController.php(207): CContentDecorator->run()
#7 /Applications/XAMPP/xamppfiles/yii/framework/web/CBaseController.php(301): SiteController->endWidget()
#8 /Applications/XAMPP/xamppfiles/htdocs/videos/themes/bootstrap/views/layouts/column1.php(13): SiteController->endContent()
#9 /Applications/XAMPP/xamppfiles/yii/framework/web/CBaseController.php(127): require()
#10 /Applications/XAMPP/xamppfiles/yii/framework/web/CBaseController.php(96): SiteController->renderInternal()
#11 /Applications/XAMPP/xamppfiles/yii/framework/web/CController.php(785): SiteController->renderFile()
#12 /Applications/XAMPP/xamppfiles/htdocs/videos/protected/controllers/SiteController.php(32): SiteController->render()
#13 /Applications/XAMPP/xamppfiles/yii/framework/web/actions/CInlineAction.php(50): SiteController->actionIndex()
#14 /Applications/XAMPP/xamppfiles/yii/framework/web/CController.php(309): CInlineAction->runWithParams()
#15 /Applications/XAMPP/xamppfiles/yii/framework/web/CController.php(287): SiteController->runAction()
#16 /Applications/XAMPP/xamppfiles/yii/framework/web/CController.php(266): SiteController->runActionWithFilters()
#17 /Applications/XAMPP/xamppfiles/yii/framework/web/CWebApplication.php(276): SiteController->run()
#18 /Applications/XAMPP/xamppfiles/yii/framework/web/CWebApplication.php(135): CWebApplication->runController()
#19 /Applications/XAMPP/xamppfiles/yii/framework/base/CApplication.php(162): CWebApplication->processRequest()
#20 /Applications/XAMPP/xamppfiles/htdocs/videos/index.php(13): CWebApplication->run()
REQUEST_URI=/videos/
in /Applications/XAMPP/xamppfiles/htdocs/videos/themes/bootstrap/views/layouts/main.php (60)
in /Applications/XAMPP/xamppfiles/htdocs/videos/themes/bootstrap/views/layouts/column1.php (13)
in /Applications/XAMPP/xamppfiles/htdocs/videos/protected/controllers/SiteController.php (32)
2012/06/06 17:51:49 [error] [php] include(Usuario.php) [<a href='function.include'>function.include</a>]: failed to open stream: No such file or directory (/Applications/XAMPP/xamppfiles/yii/framework/YiiBase.php:418)
Stack trace:
#0 /Applications/XAMPP/xamppfiles/htdocs/videos/themes/bootstrap/views/layouts/main.php(60): spl_autoload_call()
#1 /Applications/XAMPP/xamppfiles/yii/framework/web/CBaseController.php(127): require()
#2 /Applications/XAMPP/xamppfiles/yii/framework/web/CBaseController.php(96): SiteController->renderInternal()
#3 /Applications/XAMPP/xamppfiles/yii/framework/web/widgets/CContentDecorator.php(77): SiteController->renderFile()
#4 /Applications/XAMPP/xamppfiles/yii/framework/web/widgets/CContentDecorator.php(55): CContentDecorator->decorate()
#5 /Applications/XAMPP/xamppfiles/yii/framework/web/widgets/COutputProcessor.php(45): CContentDecorator->processOutput()
#6 /Applications/XAMPP/xamppfiles/yii/framework/web/CBaseController.php(207): CContentDecorator->run()
#7 /Applications/XAMPP/xamppfiles/yii/framework/web/CBaseController.php(301): SiteController->endWidget()
#8 /Applications/XAMPP/xamppfiles/htdocs/videos/themes/bootstrap/views/layouts/column1.php(13): SiteController->endContent()
#9 /Applications/XAMPP/xamppfiles/yii/framework/web/CBaseController.php(127): require()
#10 /Applications/XAMPP/xamppfiles/yii/framework/web/CBaseController.php(96): SiteController->renderInternal()
#11 /Applications/XAMPP/xamppfiles/yii/framework/web/CController.php(785): SiteController->renderFile()
#12 /Applications/XAMPP/xamppfiles/htdocs/videos/protected/controllers/SiteController.php(32): SiteController->render()
#13 /Applications/XAMPP/xamppfiles/yii/framework/web/actions/CInlineAction.php(50): SiteController->actionIndex()
#14 /Applications/XAMPP/xamppfiles/yii/framework/web/CController.php(309): CInlineAction->runWithParams()
#15 /Applications/XAMPP/xamppfiles/yii/framework/web/CController.php(287): SiteController->runAction()
#16 /Applications/XAMPP/xamppfiles/yii/framework/web/CController.php(266): SiteController->runActionWithFilters()
#17 /Applications/XAMPP/xamppfiles/yii/framework/web/CWebApplication.php(276): SiteController->run()
#18 /Applications/XAMPP/xamppfiles/yii/framework/web/CWebApplication.php(135): CWebApplication->runController()
#19 /Applications/XAMPP/xamppfiles/yii/framework/base/CApplication.php(162): CWebApplication->processRequest()
#20 /Applications/XAMPP/xamppfiles/htdocs/videos/index.php(13): CWebApplication->run()
REQUEST_URI=/videos/
in /Applications/XAMPP/xamppfiles/htdocs/videos/themes/bootstrap/views/layouts/main.php (60)
in /Applications/XAMPP/xamppfiles/htdocs/videos/themes/bootstrap/views/layouts/column1.php (13)
in /Applications/XAMPP/xamppfiles/htdocs/videos/protected/controllers/SiteController.php (32)
2012/06/06 17:51:50 [error] [php] include(Usuario.php) [<a href='function.include'>function.include</a>]: failed to open stream: No such file or directory (/Applications/XAMPP/xamppfiles/yii/framework/YiiBase.php:418)
Stack trace:
#0 /Applications/XAMPP/xamppfiles/htdocs/videos/themes/bootstrap/views/layouts/main.php(60): spl_autoload_call()
#1 /Applications/XAMPP/xamppfiles/yii/framework/web/CBaseController.php(127): require()
#2 /Applications/XAMPP/xamppfiles/yii/framework/web/CBaseController.php(96): SiteController->renderInternal()
#3 /Applications/XAMPP/xamppfiles/yii/framework/web/widgets/CContentDecorator.php(77): SiteController->renderFile()
#4 /Applications/XAMPP/xamppfiles/yii/framework/web/widgets/CContentDecorator.php(55): CContentDecorator->decorate()
#5 /Applications/XAMPP/xamppfiles/yii/framework/web/widgets/COutputProcessor.php(45): CContentDecorator->processOutput()
#6 /Applications/XAMPP/xamppfiles/yii/framework/web/CBaseController.php(207): CContentDecorator->run()
#7 /Applications/XAMPP/xamppfiles/yii/framework/web/CBaseController.php(301): SiteController->endWidget()
#8 /Applications/XAMPP/xamppfiles/htdocs/videos/themes/bootstrap/views/layouts/column1.php(13): SiteController->endContent()
#9 /Applications/XAMPP/xamppfiles/yii/framework/web/CBaseController.php(127): require()
#10 /Applications/XAMPP/xamppfiles/yii/framework/web/CBaseController.php(96): SiteController->renderInternal()
#11 /Applications/XAMPP/xamppfiles/yii/framework/web/CController.php(785): SiteController->renderFile()
#12 /Applications/XAMPP/xamppfiles/htdocs/videos/protected/controllers/SiteController.php(32): SiteController->render()
#13 /Applications/XAMPP/xamppfiles/yii/framework/web/actions/CInlineAction.php(50): SiteController->actionIndex()
#14 /Applications/XAMPP/xamppfiles/yii/framework/web/CController.php(309): CInlineAction->runWithParams()
#15 /Applications/XAMPP/xamppfiles/yii/framework/web/CController.php(287): SiteController->runAction()
#16 /Applications/XAMPP/xamppfiles/yii/framework/web/CController.php(266): SiteController->runActionWithFilters()
#17 /Applications/XAMPP/xamppfiles/yii/framework/web/CWebApplication.php(276): SiteController->run()
#18 /Applications/XAMPP/xamppfiles/yii/framework/web/CWebApplication.php(135): CWebApplication->runController()
#19 /Applications/XAMPP/xamppfiles/yii/framework/base/CApplication.php(162): CWebApplication->processRequest()
#20 /Applications/XAMPP/xamppfiles/htdocs/videos/index.php(13): CWebApplication->run()
REQUEST_URI=/videos/
in /Applications/XAMPP/xamppfiles/htdocs/videos/themes/bootstrap/views/layouts/main.php (60)
in /Applications/XAMPP/xamppfiles/htdocs/videos/themes/bootstrap/views/layouts/column1.php (13)
in /Applications/XAMPP/xamppfiles/htdocs/videos/protected/controllers/SiteController.php (32)
2012/06/06 17:51:50 [error] [php] include(Usuario.php) [<a href='function.include'>function.include</a>]: failed to open stream: No such file or directory (/Applications/XAMPP/xamppfiles/yii/framework/YiiBase.php:418)
Stack trace:
#0 /Applications/XAMPP/xamppfiles/htdocs/videos/themes/bootstrap/views/layouts/main.php(60): spl_autoload_call()
#1 /Applications/XAMPP/xamppfiles/yii/framework/web/CBaseController.php(127): require()
#2 /Applications/XAMPP/xamppfiles/yii/framework/web/CBaseController.php(96): SiteController->renderInternal()
#3 /Applications/XAMPP/xamppfiles/yii/framework/web/widgets/CContentDecorator.php(77): SiteController->renderFile()
#4 /Applications/XAMPP/xamppfiles/yii/framework/web/widgets/CContentDecorator.php(55): CContentDecorator->decorate()
#5 /Applications/XAMPP/xamppfiles/yii/framework/web/widgets/COutputProcessor.php(45): CContentDecorator->processOutput()
#6 /Applications/XAMPP/xamppfiles/yii/framework/web/CBaseController.php(207): CContentDecorator->run()
#7 /Applications/XAMPP/xamppfiles/yii/framework/web/CBaseController.php(301): SiteController->endWidget()
#8 /Applications/XAMPP/xamppfiles/htdocs/videos/themes/bootstrap/views/layouts/column1.php(13): SiteController->endContent()
#9 /Applications/XAMPP/xamppfiles/yii/framework/web/CBaseController.php(127): require()
#10 /Applications/XAMPP/xamppfiles/yii/framework/web/CBaseController.php(96): SiteController->renderInternal()
#11 /Applications/XAMPP/xamppfiles/yii/framework/web/CController.php(785): SiteController->renderFile()
#12 /Applications/XAMPP/xamppfiles/htdocs/videos/protected/controllers/SiteController.php(32): SiteController->render()
#13 /Applications/XAMPP/xamppfiles/yii/framework/web/actions/CInlineAction.php(50): SiteController->actionIndex()
#14 /Applications/XAMPP/xamppfiles/yii/framework/web/CController.php(309): CInlineAction->runWithParams()
#15 /Applications/XAMPP/xamppfiles/yii/framework/web/CController.php(287): SiteController->runAction()
#16 /Applications/XAMPP/xamppfiles/yii/framework/web/CController.php(266): SiteController->runActionWithFilters()
#17 /Applications/XAMPP/xamppfiles/yii/framework/web/CWebApplication.php(276): SiteController->run()
#18 /Applications/XAMPP/xamppfiles/yii/framework/web/CWebApplication.php(135): CWebApplication->runController()
#19 /Applications/XAMPP/xamppfiles/yii/framework/base/CApplication.php(162): CWebApplication->processRequest()
#20 /Applications/XAMPP/xamppfiles/htdocs/videos/index.php(13): CWebApplication->run()
REQUEST_URI=/videos/
in /Applications/XAMPP/xamppfiles/htdocs/videos/themes/bootstrap/views/layouts/main.php (60)
in /Applications/XAMPP/xamppfiles/htdocs/videos/themes/bootstrap/views/layouts/column1.php (13)
in /Applications/XAMPP/xamppfiles/htdocs/videos/protected/controllers/SiteController.php (32)
